TN:
SF:src/index.js
FN:4,(anonymous_0)
FN:10,(anonymous_1)
FN:33,(anonymous_2)
FNF:3
FNH:3
FNDA:1,(anonymous_0)
FNDA:5,(anonymous_1)
FNDA:1,(anonymous_2)
DA:4,1
DA:5,1
DA:6,1
DA:7,1
DA:8,1
DA:10,1
DA:12,5
DA:13,2
DA:14,1
DA:16,2
DA:17,1
DA:18,1
DA:22,5
DA:23,2
DA:26,5
DA:27,1
DA:30,1
DA:34,1
DA:35,1
DA:36,1
DA:37,1
DA:39,1
LF:22
LH:22
BRDA:12,0,0,2
BRDA:12,0,1,3
BRDA:12,1,0,5
BRDA:12,1,1,4
BRDA:13,2,0,1
BRDA:13,2,1,1
BRDA:16,3,0,1
BRDA:16,3,1,1
BRDA:22,4,0,2
BRDA:22,4,1,3
BRDA:22,5,0,5
BRDA:22,5,1,4
BRDA:26,6,0,1
BRDA:26,6,1,4
BRDA:26,7,0,5
BRDA:26,7,1,1
BRF:16
BRH:16
end_of_record
